<?xml version="1.0" encoding="UTF-8"?>
<coverage generated="1655931255076" clover="3.2.0">
  <project timestamp="1655931255076" name="All files">
    <metrics statements="43" coveredstatements="43" conditionals="8" coveredconditionals="8" methods="11" coveredmethods="11" elements="62" coveredelements="62" complexity="0" loc="43" ncloc="43" packages="1" files="1" classes="1"/>
    <file name="luhn.js" path="C:\Users\zacwa\Code\Intro to Programming\credit-card-validator\src\js\luhn.js">
      <metrics statements="43" coveredstatements="43" conditionals="8" coveredconditionals="8" methods="11" coveredmethods="11"/>
      <line num="2" count="11" type="stmt"/>
      <line num="5" count="1" type="stmt"/>
      <line num="6" count="10" type="stmt"/>
      <line num="7" count="10" type="stmt"/>
      <line num="10" count="1" type="stmt"/>
      <line num="11" count="11" type="stmt"/>
      <line num="12" count="11" type="stmt"/>
      <line num="15" count="1" type="stmt"/>
      <line num="16" count="8" type="stmt"/>
      <line num="17" count="128" type="stmt"/>
      <line num="19" count="8" type="stmt"/>
      <line num="22" count="1" type="stmt"/>
      <line num="23" count="1" type="stmt"/>
      <line num="24" count="1" type="stmt"/>
      <line num="25" count="1" type="stmt"/>
      <line num="26" count="16" type="cond" truecount="2" falsecount="0"/>
      <line num="27" count="8" type="stmt"/>
      <line num="28" count="8" type="stmt"/>
      <line num="31" count="8" type="stmt"/>
      <line num="32" count="8" type="stmt"/>
      <line num="34" count="1" type="stmt"/>
      <line num="37" count="1" type="stmt"/>
      <line num="38" count="6" type="stmt"/>
      <line num="39" count="6" type="stmt"/>
      <line num="40" count="6" type="stmt"/>
      <line num="41" count="96" type="cond" truecount="2" falsecount="0"/>
      <line num="42" count="48" type="cond" truecount="2" falsecount="0"/>
      <line num="43" count="30" type="stmt"/>
      <line num="46" count="18" type="stmt"/>
      <line num="48" count="48" type="stmt"/>
      <line num="51" count="48" type="stmt"/>
      <line num="52" count="48" type="stmt"/>
      <line num="54" count="6" type="stmt"/>
      <line num="55" count="6" type="stmt"/>
      <line num="58" count="1" type="stmt"/>
      <line num="59" count="3" type="stmt"/>
      <line num="60" count="3" type="stmt"/>
      <line num="61" count="48" type="stmt"/>
      <line num="63" count="3" type="stmt"/>
      <line num="64" count="3" type="cond" truecount="2" falsecount="0"/>
      <line num="65" count="2" type="stmt"/>
      <line num="67" count="1" type="stmt"/>
      <line num="69" count="3" type="stmt"/>
    </file>
  </project>
</coverage>
