{"C:\\Users\\zacwa\\Code\\Intro to Programming\\credit-card-validator\\src\\js\\luhn.js": {"path":"C:\\Users\\zacwa\\Code\\Intro to Programming\\credit-card-validator\\src\\js\\luhn.js","statementMap":{"0":{"start":{"line":2,"column":2},"end":{"line":2,"column":23}},"1":{"start":{"line":5,"column":0},"end":{"line":8,"column":1}},"2":{"start":{"line":6,"column":3},"end":{"line":6,"column":41}},"3":{"start":{"line":7,"column":2},"end":{"line":7,"column":23}},"4":{"start":{"line":10,"column":0},"end":{"line":13,"column":1}},"5":{"start":{"line":11,"column":2},"end":{"line":11,"column":26}},"6":{"start":{"line":12,"column":2},"end":{"line":12,"column":23}},"7":{"start":{"line":15,"column":0},"end":{"line":20,"column":1}},"8":{"start":{"line":16,"column":2},"end":{"line":18,"column":6}},"9":{"start":{"line":17,"column":4},"end":{"line":17,"column":29}},"10":{"start":{"line":19,"column":3},"end":{"line":19,"column":24}},"11":{"start":{"line":22,"column":0},"end":{"line":35,"column":1}},"12":{"start":{"line":23,"column":10},"end":{"line":23,"column":11}},"13":{"start":{"line":24,"column":22},"end":{"line":24,"column":24}},"14":{"start":{"line":25,"column":2},"end":{"line":33,"column":7}},"15":{"start":{"line":26,"column":4},"end":{"line":33,"column":4}},"16":{"start":{"line":27,"column":6},"end":{"line":27,"column":38}},"17":{"start":{"line":28,"column":6},"end":{"line":28,"column":12}},"18":{"start":{"line":31,"column":4},"end":{"line":31,"column":31}},"19":{"start":{"line":32,"column":4},"end":{"line":32,"column":10}},"20":{"start":{"line":34,"column":3},"end":{"line":34,"column":24}},"21":{"start":{"line":37,"column":0},"end":{"line":56,"column":1}},"22":{"start":{"line":38,"column":10},"end":{"line":38,"column":11}},"23":{"start":{"line":39,"column":22},"end":{"line":39,"column":24}},"24":{"start":{"line":40,"column":2},"end":{"line":53,"column":7}},"25":{"start":{"line":41,"column":4},"end":{"line":53,"column":4}},"26":{"start":{"line":42,"column":6},"end":{"line":47,"column":7}},"27":{"start":{"line":43,"column":8},"end":{"line":43,"column":40}},"28":{"start":{"line":46,"column":8},"end":{"line":46,"column":46}},"29":{"start":{"line":48,"column":6},"end":{"line":48,"column":12}},"30":{"start":{"line":51,"column":4},"end":{"line":51,"column":31}},"31":{"start":{"line":52,"column":4},"end":{"line":52,"column":10}},"32":{"start":{"line":54,"column":3},"end":{"line":54,"column":33}},"33":{"start":{"line":55,"column":3},"end":{"line":55,"column":24}},"34":{"start":{"line":58,"column":0},"end":{"line":70,"column":2}},"35":{"start":{"line":59,"column":18},"end":{"line":59,"column":19}},"36":{"start":{"line":60,"column":2},"end":{"line":62,"column":4}},"37":{"start":{"line":61,"column":4},"end":{"line":61,"column":25}},"38":{"start":{"line":63,"column":2},"end":{"line":63,"column":29}},"39":{"start":{"line":64,"column":2},"end":{"line":68,"column":3}},"40":{"start":{"line":65,"column":4},"end":{"line":65,"column":24}},"41":{"start":{"line":67,"column":4},"end":{"line":67,"column":25}},"42":{"start":{"line":69,"column":2},"end":{"line":69,"column":22}}},"fnMap":{"0":{"name":"Card","decl":{"start":{"line":1,"column":24},"end":{"line":1,"column":28}},"loc":{"start":{"line":1,"column":37},"end":{"line":3,"column":1}},"line":1},"1":{"name":"(anonymous_1)","decl":{"start":{"line":5,"column":23},"end":{"line":5,"column":24}},"loc":{"start":{"line":5,"column":34},"end":{"line":8,"column":1}},"line":5},"2":{"name":"(anonymous_2)","decl":{"start":{"line":10,"column":25},"end":{"line":10,"column":26}},"loc":{"start":{"line":10,"column":36},"end":{"line":13,"column":1}},"line":10},"3":{"name":"(anonymous_3)","decl":{"start":{"line":15,"column":23},"end":{"line":15,"column":24}},"loc":{"start":{"line":15,"column":34},"end":{"line":20,"column":1}},"line":15},"4":{"name":"(anonymous_4)","decl":{"start":{"line":16,"column":36},"end":{"line":16,"column":37}},"loc":{"start":{"line":16,"column":54},"end":{"line":18,"column":4}},"line":16},"5":{"name":"(anonymous_5)","decl":{"start":{"line":22,"column":24},"end":{"line":22,"column":25}},"loc":{"start":{"line":22,"column":35},"end":{"line":35,"column":1}},"line":22},"6":{"name":"(anonymous_6)","decl":{"start":{"line":25,"column":24},"end":{"line":25,"column":25}},"loc":{"start":{"line":25,"column":42},"end":{"line":33,"column":5}},"line":25},"7":{"name":"(anonymous_7)","decl":{"start":{"line":37,"column":25},"end":{"line":37,"column":26}},"loc":{"start":{"line":37,"column":36},"end":{"line":56,"column":1}},"line":37},"8":{"name":"(anonymous_8)","decl":{"start":{"line":40,"column":24},"end":{"line":40,"column":25}},"loc":{"start":{"line":40,"column":42},"end":{"line":53,"column":5}},"line":40},"9":{"name":"(anonymous_9)","decl":{"start":{"line":58,"column":25},"end":{"line":58,"column":26}},"loc":{"start":{"line":58,"column":36},"end":{"line":70,"column":1}},"line":58},"10":{"name":"(anonymous_10)","decl":{"start":{"line":60,"column":24},"end":{"line":60,"column":25}},"loc":{"start":{"line":60,"column":42},"end":{"line":62,"column":3}},"line":60}},"branchMap":{"0":{"loc":{"start":{"line":26,"column":4},"end":{"line":33,"column":4}},"type":"if","locations":[{"start":{"line":26,"column":4},"end":{"line":33,"column":4}},{"start":{"line":26,"column":4},"end":{"line":33,"column":4}}],"line":26},"1":{"loc":{"start":{"line":41,"column":4},"end":{"line":53,"column":4}},"type":"if","locations":[{"start":{"line":41,"column":4},"end":{"line":53,"column":4}},{"start":{"line":41,"column":4},"end":{"line":53,"column":4}}],"line":41},"2":{"loc":{"start":{"line":42,"column":6},"end":{"line":47,"column":7}},"type":"if","locations":[{"start":{"line":42,"column":6},"end":{"line":47,"column":7}},{"start":{"line":42,"column":6},"end":{"line":47,"column":7}}],"line":42},"3":{"loc":{"start":{"line":64,"column":2},"end":{"line":68,"column":3}},"type":"if","locations":[{"start":{"line":64,"column":2},"end":{"line":68,"column":3}},{"start":{"line":64,"column":2},"end":{"line":68,"column":3}}],"line":64}},"s":{"0":11,"1":1,"2":10,"3":10,"4":1,"5":11,"6":11,"7":1,"8":8,"9":128,"10":8,"11":1,"12":1,"13":1,"14":1,"15":16,"16":8,"17":8,"18":8,"19":8,"20":1,"21":1,"22":6,"23":6,"24":6,"25":96,"26":48,"27":30,"28":18,"29":48,"30":48,"31":48,"32":6,"33":6,"34":1,"35":3,"36":3,"37":48,"38":3,"39":3,"40":2,"41":1,"42":3},"f":{"0":11,"1":10,"2":11,"3":8,"4":128,"5":1,"6":16,"7":6,"8":96,"9":3,"10":48},"b":{"0":[8,8],"1":[48,48],"2":[30,18],"3":[2,1]},"_coverageSchema":"43e27e138ebf9cfc5966b082cf9a028302ed4184","hash":"dbf7b3c04b036b16f4d87cad4185ff20b2f61a37"}
}
