TN:
SF:C:\Users\zacwa\Code\Intro to Programming\credit-card-validator\src\js\luhn.js
FN:1,Card
FN:5,(anonymous_1)
FN:10,(anonymous_2)
FN:15,(anonymous_3)
FN:16,(anonymous_4)
FN:22,(anonymous_5)
FN:25,(anonymous_6)
FN:37,(anonymous_7)
FN:40,(anonymous_8)
FN:58,(anonymous_9)
FN:60,(anonymous_10)
FNF:11
FNH:11
FNDA:11,Card
FNDA:10,(anonymous_1)
FNDA:11,(anonymous_2)
FNDA:8,(anonymous_3)
FNDA:128,(anonymous_4)
FNDA:1,(anonymous_5)
FNDA:16,(anonymous_6)
FNDA:6,(anonymous_7)
FNDA:96,(anonymous_8)
FNDA:3,(anonymous_9)
FNDA:48,(anonymous_10)
DA:2,11
DA:5,1
DA:6,10
DA:7,10
DA:10,1
DA:11,11
DA:12,11
DA:15,1
DA:16,8
DA:17,128
DA:19,8
DA:22,1
DA:23,1
DA:24,1
DA:25,1
DA:26,16
DA:27,8
DA:28,8
DA:31,8
DA:32,8
DA:34,1
DA:37,1
DA:38,6
DA:39,6
DA:40,6
DA:41,96
DA:42,48
DA:43,30
DA:46,18
DA:48,48
DA:51,48
DA:52,48
DA:54,6
DA:55,6
DA:58,1
DA:59,3
DA:60,3
DA:61,48
DA:63,3
DA:64,3
DA:65,2
DA:67,1
DA:69,3
LF:43
LH:43
BRDA:26,0,0,8
BRDA:26,0,1,8
BRDA:41,1,0,48
BRDA:41,1,1,48
BRDA:42,2,0,30
BRDA:42,2,1,18
BRDA:64,3,0,2
BRDA:64,3,1,1
BRF:8
BRH:8
end_of_record
